<?xml version="1.0" encoding="UTF-8"?>
<!-- Generated by org.testng.reporters.JUnitReportReporter -->
<testsuite skipped="0" hostname="B2ML13213" name="testNG.TestAnnotation" tests="1" failures="0" timestamp="02 Sep 2017 11:32:22 GMT" time="3.409" errors="0">
  <testcase name="loginToFacebook" time="3.409" classname="testNG.TestAnnotation"/>
</testsuite> <!-- testNG.TestAnnotation -->
