<?xml version="1.0" encoding="UTF-8"?>
<!-- Generated by org.testng.reporters.JUnitReportReporter -->
<testsuite hostname="B2ML32871" name="testNG.BookTicketInMercury" tests="5" failures="0" timestamp="10 Oct 2019 07:04:35 GMT" time="73.575" errors="0">
  <testcase name="aloginPage" time="6.089" classname="testNG.BookTicketInMercury"/>
  <testcase name="dbookAFlight" time="3.319" classname="testNG.BookTicketInMercury"/>
  <testcase name="eflightConfirmation" time="8.340" classname="testNG.BookTicketInMercury"/>
  <testcase name="bflightFinder" time="50.355" classname="testNG.BookTicketInMercury"/>
  <testcase name="cselectFlight" time="5.472" classname="testNG.BookTicketInMercury"/>
</testsuite> <!-- testNG.BookTicketInMercury -->
