<?xml version="1.0" encoding="UTF-8"?>
<!-- Generated by org.testng.reporters.JUnitReportReporter -->
<testsuite hostname="B2ML32871" name="testNG.TestPriority" tests="4" failures="0" timestamp="22 Oct 2019 23:51:07 GMT" time="0.012" errors="0">
  <testcase name="g" time="0.001" classname="testNG.TestPriority"/>
  <testcase name="w" time="0.008" classname="testNG.TestPriority"/>
  <testcase name="z" time="0.002" classname="testNG.TestPriority"/>
  <testcase name="t" time="0.001" classname="testNG.TestPriority"/>
</testsuite> <!-- testNG.TestPriority -->
