<?xml version="1.0" encoding="UTF-8"?>
<!-- Generated by org.testng.reporters.JUnitReportReporter -->
<testsuite hostname="B2ML32871" name="testNG.TestGrouping" tests="5" failures="0" timestamp="30 Oct 2019 06:09:05 GMT" time="0.027" errors="0">
  <testcase name="AB" time="0.002" classname="testNG.TestGrouping"/>
  <testcase name="B" time="0.002" classname="testNG.TestGrouping"/>
  <testcase name="A" time="0.020" classname="testNG.TestGrouping"/>
  <testcase name="B" time="0.002" classname="testNG.TestGrouping"/>
  <testcase name="B" time="0.001" classname="testNG.TestGrouping"/>
</testsuite> <!-- testNG.TestGrouping -->
