<?xml version="1.0" encoding="UTF-8"?>
<!-- Generated by org.testng.reporters.JUnitReportReporter -->
<testsuite skipped="0" hostname="B2ML13213" name="testNG.PageTitlePrint" tests="1" failures="0" timestamp="10 Sep 2017 13:01:56 GMT" time="51.935" errors="0">
  <testcase name="printPage" time="51.935" classname="testNG.PageTitlePrint"/>
</testsuite> <!-- testNG.PageTitlePrint -->
