<?xml version="1.0" encoding="UTF-8"?>
<!-- Generated by org.testng.reporters.JUnitReportReporter -->
<testsuite skipped="0" hostname="B2ML13213" name="testNG.TestDataproviders" tests="2" failures="0" timestamp="12 Sep 2017 18:25:53 GMT" time="13.532" errors="0">
  <testcase name="loginToFacebook" time="5.399" classname="testNG.TestDataproviders"/>
  <testcase name="loginToFacebook" time="8.133" classname="testNG.TestDataproviders"/>
</testsuite> <!-- testNG.TestDataproviders -->
