<?xml version="1.0" encoding="UTF-8"?>
<!-- Generated by org.testng.reporters.JUnitReportReporter -->
<testsuite skipped="0" hostname="B2ML13213" name="testNG.TestCrossBrowser" tests="2" failures="0" timestamp="10 Sep 2017 19:28:45 GMT" time="40.439" errors="0">
  <testcase name="runCrossBrowserTesting" time="20.353" classname="testNG.TestCrossBrowser"/>
  <testcase name="runCrossBrowserTesting" time="20.086" classname="testNG.TestCrossBrowser"/>
</testsuite> <!-- testNG.TestCrossBrowser -->
