<?xml version="1.0" encoding="UTF-8"?>
<!-- Generated by org.testng.reporters.JUnitReportReporter -->
<testsuite skipped="0" hostname="B2ML13213" name="testNG.TestAmazonwithParameters" tests="1" failures="0" timestamp="10 Sep 2017 17:30:28 GMT" time="12.293" errors="0">
  <testcase name="f" time="12.293" classname="testNG.TestAmazonwithParameters"/>
</testsuite> <!-- testNG.TestAmazonwithParameters -->
