<?xml version="1.0" encoding="UTF-8"?>
<!-- Generated by org.testng.reporters.JUnitReportReporter -->
<testsuite skipped="0" hostname="B2ML13213" name="testNG.loginToFacebook" tests="1" failures="0" timestamp="09 Sep 2017 18:37:22 GMT" time="8.188" errors="0">
  <testcase name="f" time="8.188" classname="testNG.loginToFacebook"/>
</testsuite> <!-- testNG.loginToFacebook -->
